<?xml version="1.0" encoding="utf-8"?><testsuites><testsuite name="pytest" errors="0" failures="0" skipped="0" tests="0" time="0.041" timestamp="2022-09-14T14:52:55.467205" hostname="RSL-LAP-100" /></testsuites>