<?xml version="1.0" encoding="utf-8"?><testsuites><testsuite name="pytest" errors="0" failures="0" skipped="0" tests="10" time="0.355" timestamp="2022-09-13T16:00:02.512381" hostname="RSL-LAP-100"><testcase classname="tests.test_arabic" name="test_to_arabic_number_1_rta" file="tests\test_arabic.py" line="5" time="0.005" /><testcase classname="tests.test_arabic" name="test_to_arabic_number_2008_rta" file="tests\test_arabic.py" line="10" time="0.001" /><testcase classname="tests.test_arabic" name="test_to_arabic_number_4_rta" file="tests\test_arabic.py" line="15" time="0.001" /><testcase classname="tests.test_arabic" name="test_to_arabic_number_90_rta" file="tests\test_arabic.py" line="20" time="0.002" /><testcase classname="tests.test_arabic" name="test_to_arabic_number_3999_rta" file="tests\test_arabic.py" line="25" time="0.003" /><testcase classname="tests.test_roman" name="test_to_roman_numeral_1_atn" file="tests\test_roman.py" line="5" time="0.002" /><testcase classname="tests.test_roman" name="test_to_roman_numeral_2008_atn" file="tests\test_roman.py" line="10" time="0.002" /><testcase classname="tests.test_roman" name="test_to_roman_numeral_4_atn" file="tests\test_roman.py" line="15" time="0.003" /><testcase classname="tests.test_roman" name="test_to_roman_numeral_90_atn" file="tests\test_roman.py" line="20" time="0.003" /><testcase classname="tests.test_roman" name="test_to_roman_numeral_3999_atn" file="tests\test_roman.py" line="25" time="0.008" /></testsuite></testsuites>